<?xml version="1.0" encoding="UTF-8"?>
<testsuite xmlns:xsi="http://www.w3.org/2001/XMLSchema-instance" xsi:noNamespaceSchemaLocation="https://maven.apache.org/surefire/maven-surefire-plugin/xsd/surefire-test-report-3.0.xsd" version="3.0" name="com.framework.runners.TestRunner" time="2.312" tests="2" errors="0" skipped="0" failures="0">
  <properties>
[...]
</properties>
  <testcase name="runScenario[&quot;Successful login&quot;, &quot;Login&quot;](1)" classname="com.framework.runners.TestRunner" time="1.584">
    <system-out><![CDATA[
Scenario: Successful login                                                   # src/test/resources/features/login.feature:21
  When I send a login POST request with username "admin" and password "pass" # com.framework.stepdefinitions.ApiStepDefinitions.sendLoginRequest(java.lang.String,java.lang.String)
  Then the response status should be "success"                               # com.framework.stepdefinitions.ApiStepDefinitions.validateStatus(java.lang.String)
  And the message should be "Login successful"                               # com.framework.stepdefinitions.ApiStepDefinitions.validateMessage(java.lang.String)
]]></system-out>
  </testcase>
  <testcase name="runScenario[&quot;Failed login&quot;, &quot;Login&quot;](2)" classname="com.framework.runners.TestRunner" time="0.033">
    <system-out><![CDATA[
Scenario: Failed login                                                       # src/test/resources/features/login.feature:26
  When I send a login POST request with username "user" and password "wrong" # com.framework.stepdefinitions.ApiStepDefinitions.sendLoginRequest(java.lang.String,java.lang.String)
  Then the response status should be "fail"                                  # com.framework.stepdefinitions.ApiStepDefinitions.validateStatus(java.lang.String)
  And the message should be "Invalid credentials"                            # com.framework.stepdefinitions.ApiStepDefinitions.validateMessage(java.lang.String)
]]></system-out>
  </testcase>
</testsuite>