<?xml version="1.0" encoding="UTF-8"?>
<testsuite xmlns:xsi="http://www.w3.org/2001/XMLSchema-instance" xsi:noNamespaceSchemaLocation="https://maven.apache.org/surefire/maven-surefire-plugin/xsd/surefire-test-report-3.0.xsd" version="3.0" name="com.framework.runners.TestRunner" time="2.714" tests="2" errors="0" skipped="0" failures="0">
  <properties>
[...]
</properties>
  <testcase name="runScenario[&quot;Valid login returns token&quot;, &quot;API test&quot;](1)" classname="com.framework.runners.TestRunner" time="1.803">
    <system-out><![CDATA[
Scenario Outline: Valid login returns token                                         # src/test/resources/features/login.feature:9
  When I send a login POST request with username "testuser" and password "testpass" # com.framework.stepdefinitions.ApiStepDefinitions.loginAndGetToken(java.lang.String,java.lang.String)
  Then I should receive a JWT token                                                 # com.framework.stepdefinitions.ApiStepDefinitions.verifyJwtToken()
  And the response should match login schema                                        # com.framework.stepdefinitions.ApiStepDefinitions.validateLoginSchema()
]]></system-out>
    <system-err><![CDATA[[main] INFO com.framework.stepdefinitions.ApiStepDefinitions - 🔐 Sending login request for user: testuser
[main] INFO com.framework.stepdefinitions.ApiStepDefinitions - ✅ Login response: {
    "message": "Login successful",
    "status": "success",
    "token": "eyJhbGciOiJIUzI1NiJ9.eyJzdWIiOiJ0ZXN0dXNlciIsImlzcyI6ImRlbW8tYXBpIiwiaWF0IjoxNzUwNzY0MzE3LCJleHAiOjE3NTA3NjQ5MTd9.q5i4Afj3y8DaM5ceYCcbypqq9m6Vv6J7mTE4hl__Huo"
}
]]></system-err>
  </testcase>
  <testcase name="runScenario[&quot;Valid token allows profile access&quot;, &quot;API test&quot;](2)" classname="com.framework.runners.TestRunner" time="0.341">
    <system-out><![CDATA[
Scenario: Valid token allows profile access            # src/test/resources/features/login.feature:12
  Given I have a valid token                           # com.framework.stepdefinitions.ApiStepDefinitions.storeValidToken()
  When I send a GET request to the profile endpoint    # com.framework.stepdefinitions.ApiStepDefinitions.callProfileApi()
  Then the response should match profile schema        # com.framework.stepdefinitions.ApiStepDefinitions.validateProfileSchema()
  And the user "testuser" should exist in the database # com.framework.stepdefinitions.ApiStepDefinitions.userShouldExist(java.lang.String)
]]></system-out>
    <system-err><![CDATA[[main] INFO com.framework.stepdefinitions.ApiStepDefinitions - 🔐 Sending login request for user: admin
[main] INFO com.framework.stepdefinitions.ApiStepDefinitions - ✅ Login response: {
    "message": "Login successful",
    "status": "success",
    "token": "eyJhbGciOiJIUzI1NiJ9.eyJzdWIiOiJhZG1pbiIsImlzcyI6ImRlbW8tYXBpIiwiaWF0IjoxNzUwNzY0MzE4LCJleHAiOjE3NTA3NjQ5MTh9.3akaaV9uKHsqaOgcGNl--4BIa5RsmhGdwrdLHRXotnM"
}
]]></system-err>
  </testcase>
</testsuite>