<?xml version="1.0" encoding="UTF-8"?>
<testng-results ignored="0" total="2" passed="2" failed="0" skipped="0">
  <reporter-output>
  </reporter-output>
  <suite started-at="2025-06-14T18:27:49 IST" name="Surefire suite" finished-at="2025-06-14T18:27:51 IST" duration-ms="2031">
    <groups>
      <group name="cucumber">
        <method signature="AbstractTestNGCucumberTests.runScenario(io.cucumber.testng.PickleWrapper,io.cucumber.testng.FeatureWrapper)[pri:0, instance:com.framework.runners.TestRunner@3d51f06e]" name="runScenario" class="io.cucumber.testng.AbstractTestNGCucumberTests"/>
      </group> <!-- cucumber -->
    </groups>
    <test started-at="2025-06-14T18:27:49 IST" name="Surefire test" finished-at="2025-06-14T18:27:51 IST" duration-ms="2031">
      <class name="com.framework.runners.TestRunner">
        <test-method is-config="true" signature="setUpClass(org.testng.ITestContext)[pri:0, instance:com.framework.runners.TestRunner@3d51f06e]" started-at="2025-06-14T18:27:49 IST" name="setUpClass" finished-at="2025-06-14T18:27:49 IST" duration-ms="368" status="PASS">
          <params>
            <param index="0">
              <value>
                <![CDATA[org.testng.TestRunner@45554613]]>
              </value>
            </param>
          </params>
          <reporter-output>
          </reporter-output>
        </test-method> <!-- setUpClass -->
        <test-method signature="runScenario(io.cucumber.testng.PickleWrapper,io.cucumber.testng.FeatureWrapper)[pri:0, instance:com.framework.runners.TestRunner@3d51f06e]" started-at="2025-06-14T18:27:49 IST" name="runScenario" description="Runs Cucumber Scenarios" data-provider="scenarios" finished-at="2025-06-14T18:27:50 IST" duration-ms="1583" status="PASS">
          <params>
            <param index="0">
              <value>
                <![CDATA["Successful login"]]>
              </value>
            </param>
            <param index="1">
              <value>
                <![CDATA["Login"]]>
              </value>
            </param>
          </params>
          <reporter-output>
          </reporter-output>
        </test-method> <!-- runScenario -->
        <test-method signature="runScenario(io.cucumber.testng.PickleWrapper,io.cucumber.testng.FeatureWrapper)[pri:0, instance:com.framework.runners.TestRunner@3d51f06e]" started-at="2025-06-14T18:27:50 IST" name="runScenario" description="Runs Cucumber Scenarios" data-provider="scenarios" finished-at="2025-06-14T18:27:51 IST" duration-ms="33" status="PASS">
          <params>
            <param index="0">
              <value>
                <![CDATA["Failed login"]]>
              </value>
            </param>
            <param index="1">
              <value>
                <![CDATA["Login"]]>
              </value>
            </param>
          </params>
          <reporter-output>
          </reporter-output>
        </test-method> <!-- runScenario -->
        <test-method is-config="true" signature="tearDownClass()[pri:0, instance:com.framework.runners.TestRunner@3d51f06e]" started-at="2025-06-14T18:27:51 IST" name="tearDownClass" finished-at="2025-06-14T18:27:51 IST" duration-ms="20" status="PASS">
          <reporter-output>
          </reporter-output>
        </test-method> <!-- tearDownClass -->
      </class> <!-- com.framework.runners.TestRunner -->
    </test> <!-- Surefire test -->
  </suite> <!-- Surefire suite -->
</testng-results>
